C:\Program Files (x86)\Microsoft Visual Studio\2019\Community\MSBuild\Microsoft\VC\v160\Microsoft.CppBuild.targets(504,5): warning MSB8004: Intermediate Directory does not end with a trailing slash.  This build instance will add the slash as it is required to allow proper evaluation of the Intermediate Directory.
C:\Program Files (x86)\Microsoft Visual Studio\2019\Community\MSBuild\Microsoft\VC\v160\Microsoft.CppBuild.targets(505,5): warning MSB8004: Output Directory does not end with a trailing slash.  This build instance will add the slash as it is required to allow proper evaluation of the Output Directory.
  Component.cpp
  Game.cpp
D:\GIt\GameProjects\Asteroids\Src\Game.cpp(17,16): warning C4150: deletion of pointer to incomplete type 'SDL_Window'; no destructor called
D:\GIt\GameProjects\External Dependencies\SDL_2.0\include\SDL_video.h(90): message : see declaration of 'SDL_Window'
D:\GIt\GameProjects\Asteroids\Src\Game.cpp(18,18): warning C4150: deletion of pointer to incomplete type 'SDL_Renderer'; no destructor called
D:\GIt\GameProjects\External Dependencies\SDL_2.0\include\SDL_render.h(132): message : see declaration of 'SDL_Renderer'
D:\GIt\GameProjects\Asteroids\Src\Game.cpp(116,18): warning C4244: 'initializing': conversion from 'Uint32' to 'float', possible loss of data
C:\Program Files (x86)\Microsoft Visual Studio\2019\Community\VC\Tools\MSVC\14.28.29910\include\xmemory(696,82): error C2440: 'initializing': cannot convert from 'std::vector<Actor *,std::allocator<Actor *>>' to '_Objty'
          with
          [
              _Objty=Actor *
          ]
C:\Program Files (x86)\Microsoft Visual Studio\2019\Community\VC\Tools\MSVC\14.28.29910\include\xmemory(696,82): message : No user-defined-conversion operator available that can perform this conversion, or the operator cannot be called
C:\Program Files (x86)\Microsoft Visual Studio\2019\Community\VC\Tools\MSVC\14.28.29910\include\vector(689): message : see reference to function template instantiation 'void std::_Default_allocator_traits<_Alloc>::construct<_Ty,std::vector<_Ty,_Alloc>&>(_Alloc &,_Objty *const ,std::vector<_Ty,_Alloc> &)' being compiled
          with
          [
              _Alloc=std::allocator<Actor *>,
              _Ty=Actor *,
              _Objty=Actor *
          ]
C:\Program Files (x86)\Microsoft Visual Studio\2019\Community\VC\Tools\MSVC\14.28.29910\include\vector(694): message : see reference to function template instantiation 'void std::_Default_allocator_traits<_Alloc>::construct<_Ty,std::vector<_Ty,_Alloc>&>(_Alloc &,_Objty *const ,std::vector<_Ty,_Alloc> &)' being compiled
          with
          [
              _Alloc=std::allocator<Actor *>,
              _Ty=Actor *,
              _Objty=Actor *
          ]
C:\Program Files (x86)\Microsoft Visual Studio\2019\Community\VC\Tools\MSVC\14.28.29910\include\vector(707): message : see reference to function template instantiation 'void std::vector<Actor *,std::allocator<Actor *>>::_Emplace_back_with_unused_capacity<std::vector<Actor *,std::allocator<Actor *>>&>(std::vector<Actor *,std::allocator<Actor *>> &)' being compiled
D:\GIt\GameProjects\Asteroids\Src\Game.cpp(151): message : see reference to function template instantiation 'void std::vector<Actor *,std::allocator<Actor *>>::emplace_back<std::vector<Actor *,std::allocator<Actor *>>&>(std::vector<Actor *,std::allocator<Actor *>> &)' being compiled
  main.cpp
  SpriteComponent.cpp
  Generating Code...
