d:\git\gameprojects\asteroids\debug\x64\vc142.pdb
d:\git\gameprojects\asteroids\debug\x64\vc142.idb
d:\git\gameprojects\asteroids\debug\x64\main.obj
d:\git\gameprojects\asteroids\debug\x64\math.obj
d:\git\gameprojects\asteroids\debug\x64\game.obj
d:\git\gameprojects\asteroids\debug\x64\actor.obj
d:\git\gameprojects\asteroids\debug\x64\spritecomponent.obj
d:\git\gameprojects\asteroids\debug\x64\animationcomponent.obj
d:\git\gameprojects\asteroids\debug\x64\movecomponent.obj
d:\git\gameprojects\asteroids\debug\x64\component.obj
d:\git\gameprojects\asteroids\debug\x64\asteroid.obj
d:\git\gameprojects\asteroids\debug\x64\random.obj
d:\git\gameprojects\debug\x64\asteroids\asteroids.exe
d:\git\gameprojects\debug\x64\asteroids\asteroids.ilk
d:\git\gameprojects\debug\x64\asteroids\asteroids.pdb
d:\git\gameprojects\asteroids\debug\x64\asteroids.tlog\cl.command.1.tlog
d:\git\gameprojects\asteroids\debug\x64\asteroids.tlog\cl.read.1.tlog
d:\git\gameprojects\asteroids\debug\x64\asteroids.tlog\cl.write.1.tlog
d:\git\gameprojects\asteroids\debug\x64\asteroids.tlog\link.command.1.tlog
d:\git\gameprojects\asteroids\debug\x64\asteroids.tlog\link.read.1.tlog
d:\git\gameprojects\asteroids\debug\x64\asteroids.tlog\link.write.1.tlog
